<?xml version="1.0" encoding="UTF-8"?>
<!-- Generated by org.testng.reporters.JUnitXMLReporter -->
<testsuite ignored="0" hostname="DESKTOP-391I0KH" failures="1" tests="1" name="Test" time="0.116" errors="0" timestamp="2023-11-13T21:34:01 IST">
  <testcase classname="testng.ListenerClass" name="sample" time="0.025">
    <failure type="java.lang.AssertionError" message="expected [false] but found [true]">
      <![CDATA[java.lang.AssertionError: expected [false] but found [true]
at testng.ListenerClass.sample(ListenerClass.java:12)
at java.base/java.util.ArrayList.forEach(ArrayList.java:1511)
... Removed 31 stack frames]]>
    </failure>
  </testcase> <!-- sample -->
</testsuite> <!-- Test -->
